Dec 25 22:32 : exception: Failed to access /home/namish/Music: No such file or directory
Dec 25 23:29 : update: added /Pritam, Arijit Singh - Ae Dil Hai Mushkil Title Track (From 'Ae Dil Hai Mushkil').mp3
Dec 25 23:29 : update: added /Engelbert Humperdinck - A Man Without Love.mp3
Dec 25 23:29 : update: added /One Direction - Night Changes.mp3
Dec 25 23:29 : update: added /Imagine Dragons - Bones.mp3
Dec 25 23:29 : update: added /Pritam, Atif Aslam - Main Agar.mp3
Dec 25 23:29 : update: added /Ado - レディメイド.mp3
Dec 25 23:29 : update: added /Heaven - Giorno Theme - Trap Remix.mp3
Dec 25 23:29 : update: added /Imagine Dragons - Natural.mp3
Dec 25 23:29 : update: added /Imagine Dragons - Enemy (with JID) - from the series Arcane League of Legends.mp3
Dec 25 23:29 : update: added /Juice WRLD - Legends.mp3
Dec 25 23:29 : update: added /Post Malone - Circles.mp3
Dec 25 23:29 : update: added /Ado - うっせぇわ.mp3
Dec 25 23:29 : update: added /The Weeknd - Save Your Tears.mp3
Dec 25 23:29 : update: added /The Weeknd - Blinding Lights.mp3
Dec 25 23:29 : update: added /Hassan Jahangir - Hawa Hawa.mp3
Dec 25 23:29 : update: added /AJR - World's Smallest Violin.mp3
Dec 25 23:29 : update: added /Backstreet Boys - I Want It That Way.mp3
Dec 25 23:29 : update: added /Glass Animals - Heat Waves.mp3
Dec 25 23:29 : update: added /Pritam, Arijit Singh - Hawayein.mp3
Dec 25 23:31 : player: played "Engelbert Humperdinck - A Man Without Love.mp3"
Dec 25 23:31 : exception: Not playing
Dec 25 23:32 : player: played "Ado - レディメイド.mp3"
Dec 25 23:32 : exception: Not playing
Dec 25 23:32 : exception: Not playing
Dec 25 23:37 : player: played "Imagine Dragons - Bones.mp3"
Dec 25 23:40 : player: played "Imagine Dragons - Bones.mp3"
Dec 25 23:43 : player: played "Backstreet Boys - I Want It That Way.mp3"
Dec 25 23:46 : player: played "AJR - World's Smallest Violin.mp3"
Dec 25 23:50 : player: played "Heaven - Giorno Theme - Trap Remix.mp3"
Dec 26 00:37 : player: played "Glass Animals - Heat Waves.mp3"
Dec 26 01:20 : player: played "Ado - うっせぇわ.mp3"
Dec 26 01:21 : player: played "Ado - レディメイド.mp3"
Dec 26 01:21 : exception: Not playing
Dec 26 01:21 : exception: Not playing
Dec 26 01:21 : exception: Not playing
Dec 26 01:21 : exception: Not playing
Dec 26 10:19 : player: played "Engelbert Humperdinck - A Man Without Love.mp3"
Dec 26 10:58 : player: played "Engelbert Humperdinck - A Man Without Love.mp3"
Dec 26 11:14 : update: added /Tay K Returns To Dreamland 4.mp3
Dec 26 11:15 : update: updating /Tay K Returns To Dreamland 4.mp3
Dec 26 11:21 : player: played "Tay K Returns To Dreamland 4.mp3"
Dec 26 11:25 : player: played "Engelbert Humperdinck - A Man Without Love.mp3"
Dec 26 11:33 : player: played "The Weeknd - Save Your Tears.mp3"
Dec 26 11:37 : player: played "Glass Animals - Heat Waves.mp3"
Dec 26 11:39 : player: played "Imagine Dragons - Enemy (with JID) - from the series Arcane League of Legends.mp3"
Dec 26 11:43 : player: played "One Direction - Night Changes.mp3"
Dec 26 11:45 : player: played "Heaven - Giorno Theme - Trap Remix.mp3"
Dec 26 12:40 : player: played "Imagine Dragons - Bones.mp3"
Dec 26 12:44 : player: played "Backstreet Boys - I Want It That Way.mp3"
Dec 26 12:47 : player: played "AJR - World's Smallest Violin.mp3"
Dec 26 13:01 : player: played "Imagine Dragons - Natural.mp3"
Dec 26 13:23 : player: played "Hassan Jahangir - Hawa Hawa.mp3"
Dec 26 13:29 : player: played "Pritam, Arijit Singh - Ae Dil Hai Mushkil Title Track (From 'Ae Dil Hai Mushkil').mp3"
Dec 26 18:07 : player: played "AJR - World's Smallest Violin.mp3"
Dec 26 18:10 : player: played "Imagine Dragons - Natural.mp3"
Dec 26 18:17 : player: played "Tay K Returns To Dreamland 4.mp3"
Dec 26 18:42 : player: played "Tay K Returns To Dreamland 4.mp3"
Dec 26 19:24 : player: played "Juice WRLD - Legends.mp3"
Dec 26 20:27 : player: played "Backstreet Boys - I Want It That Way.mp3"
Dec 27 00:50 : player: played "The Weeknd - Save Your Tears.mp3"
Dec 27 00:54 : player: played "Glass Animals - Heat Waves.mp3"
Dec 27 00:56 : player: played "Imagine Dragons - Enemy (with JID) - from the series Arcane League of Legends.mp3"
Dec 27 01:00 : player: played "One Direction - Night Changes.mp3"
Dec 27 01:02 : player: played "Heaven - Giorno Theme - Trap Remix.mp3"
Dec 27 01:09 : player: played "Hassan Jahangir - Hawa Hawa.mp3"
Dec 27 01:12 : player: played "Post Malone - Circles.mp3"
